<?xml version="1.0" encoding="UTF-8"?>
<testsuite xmlns:xsi="http://www.w3.org/2001/XMLSchema-instance" xsi:noNamespaceSchemaLocation="https://maven.apache.org/surefire/maven-surefire-plugin/xsd/surefire-test-report.xsd" name="net.codejava.JUnit5ExampleTest" time="4.563" tests="2" errors="0" skipped="0" failures="0">
  <properties>
[...]
</properties>
  <testcase name="justAnExample" classname="net.codejava.JUnit5ExampleTest" time="0.135"/>
  <testcase name="contextLoads" classname="net.codejava.JUnit5ExampleTest" time="0.002"/>
</testsuite>